[2022-04-24 11:49:56,055] {taskinstance.py:1043} INFO - Dependencies all met for <TaskInstance: yogas_dag.print_date manual__2022-04-24T18:49:51.171352+00:00 [queued]>
[2022-04-24 11:49:56,069] {taskinstance.py:1043} INFO - Dependencies all met for <TaskInstance: yogas_dag.print_date manual__2022-04-24T18:49:51.171352+00:00 [queued]>
[2022-04-24 11:49:56,070] {taskinstance.py:1249} INFO - 
--------------------------------------------------------------------------------
[2022-04-24 11:49:56,070] {taskinstance.py:1250} INFO - Starting attempt 1 of 2
[2022-04-24 11:49:56,070] {taskinstance.py:1251} INFO - 
--------------------------------------------------------------------------------
[2022-04-24 11:49:56,078] {taskinstance.py:1270} INFO - Executing <Task(BashOperator): print_date> on 2022-04-24 18:49:51.171352+00:00
[2022-04-24 11:49:56,089] {standard_task_runner.py:52} INFO - Started process 22997 to run task
[2022-04-24 11:49:56,092] {standard_task_runner.py:79} INFO - Running: ['airflow', 'tasks', 'run', 'yogas_dag', 'print_date', 'manual__2022-04-24T18:49:51.171352+00:00', '--job-id', '5', '--raw', '--subdir', 'DAGS_FOLDER/scratch.py', '--cfg-path', '/tmp/tmpaqzcdf3h', '--error-file', '/tmp/tmp3f__b0uf']
[2022-04-24 11:49:56,092] {standard_task_runner.py:80} INFO - Job 5: Subtask print_date
[2022-04-24 11:49:56,788] {logging_mixin.py:109} INFO - Running <TaskInstance: yogas_dag.print_date manual__2022-04-24T18:49:51.171352+00:00 [running]> on host ubuntu
[2022-04-24 11:49:56,987] {taskinstance.py:1446} INFO - Exporting the following env vars:
AIRFLOW_CTX_DAG_EMAIL=yogasabarish17@gmail.com
AIRFLOW_CTX_DAG_OWNER=airflow
AIRFLOW_CTX_DAG_ID=yogas_dag
AIRFLOW_CTX_TASK_ID=print_date
AIRFLOW_CTX_EXECUTION_DATE=2022-04-24T18:49:51.171352+00:00
AIRFLOW_CTX_DAG_RUN_ID=manual__2022-04-24T18:49:51.171352+00:00
[2022-04-24 11:49:56,988] {subprocess.py:62} INFO - Tmp dir root location: 
 /tmp
[2022-04-24 11:49:56,988] {subprocess.py:74} INFO - Running command: ['bash', '-c', 'date']
[2022-04-24 11:49:56,997] {subprocess.py:85} INFO - Output:
[2022-04-24 11:49:56,997] {subprocess.py:89} INFO - Sun 24 Apr 2022 11:49:56 AM PDT
[2022-04-24 11:49:56,998] {subprocess.py:93} INFO - Command exited with return code 0
[2022-04-24 11:49:57,073] {taskinstance.py:1278} INFO - Marking task as SUCCESS. dag_id=yogas_dag, task_id=print_date, execution_date=20220424T184951, start_date=20220424T184956, end_date=20220424T184957
[2022-04-24 11:49:57,132] {local_task_job.py:154} INFO - Task exited with return code 0
[2022-04-24 11:49:57,153] {local_task_job.py:264} INFO - 2 downstream tasks scheduled from follow-on schedule check
