[2022-04-24 11:49:54,099] {taskinstance.py:1043} INFO - Dependencies all met for <TaskInstance: yogas_dag.templated scheduled__2022-04-23T18:49:15.961171+00:00 [queued]>
[2022-04-24 11:49:54,117] {taskinstance.py:1043} INFO - Dependencies all met for <TaskInstance: yogas_dag.templated scheduled__2022-04-23T18:49:15.961171+00:00 [queued]>
[2022-04-24 11:49:54,117] {taskinstance.py:1249} INFO - 
--------------------------------------------------------------------------------
[2022-04-24 11:49:54,117] {taskinstance.py:1250} INFO - Starting attempt 1 of 2
[2022-04-24 11:49:54,117] {taskinstance.py:1251} INFO - 
--------------------------------------------------------------------------------
[2022-04-24 11:49:54,127] {taskinstance.py:1270} INFO - Executing <Task(BashOperator): templated> on 2022-04-23 18:49:15.961171+00:00
[2022-04-24 11:49:54,129] {standard_task_runner.py:52} INFO - Started process 22992 to run task
[2022-04-24 11:49:54,137] {standard_task_runner.py:79} INFO - Running: ['airflow', 'tasks', 'run', 'yogas_dag', 'templated', 'scheduled__2022-04-23T18:49:15.961171+00:00', '--job-id', '4', '--raw', '--subdir', 'DAGS_FOLDER/scratch.py', '--cfg-path', '/tmp/tmpixfxi27c', '--error-file', '/tmp/tmpd2vxtkdx']
[2022-04-24 11:49:54,137] {standard_task_runner.py:80} INFO - Job 4: Subtask templated
[2022-04-24 11:49:54,168] {logging_mixin.py:109} INFO - Running <TaskInstance: yogas_dag.templated scheduled__2022-04-23T18:49:15.961171+00:00 [running]> on host ubuntu
[2022-04-24 11:49:54,234] {taskinstance.py:1446} INFO - Exporting the following env vars:
AIRFLOW_CTX_DAG_EMAIL=yogasabarish17@gmail.com
AIRFLOW_CTX_DAG_OWNER=airflow
AIRFLOW_CTX_DAG_ID=yogas_dag
AIRFLOW_CTX_TASK_ID=templated
AIRFLOW_CTX_EXECUTION_DATE=2022-04-23T18:49:15.961171+00:00
AIRFLOW_CTX_DAG_RUN_ID=scheduled__2022-04-23T18:49:15.961171+00:00
[2022-04-24 11:49:54,234] {subprocess.py:62} INFO - Tmp dir root location: 
 /tmp
[2022-04-24 11:49:54,235] {subprocess.py:74} INFO - Running command: ['bash', '-c', '\n\n    echo "2022-04-23"\n    echo "2022-04-30"\n\n    echo "2022-04-23"\n    echo "2022-04-30"\n\n    echo "2022-04-23"\n    echo "2022-04-30"\n\n    echo "2022-04-23"\n    echo "2022-04-30"\n\n    echo "2022-04-23"\n    echo "2022-04-30"\n']
[2022-04-24 11:49:54,252] {subprocess.py:85} INFO - Output:
[2022-04-24 11:49:54,252] {subprocess.py:89} INFO - 2022-04-23
[2022-04-24 11:49:54,252] {subprocess.py:89} INFO - 2022-04-30
[2022-04-24 11:49:54,252] {subprocess.py:89} INFO - 2022-04-23
[2022-04-24 11:49:54,252] {subprocess.py:89} INFO - 2022-04-30
[2022-04-24 11:49:54,252] {subprocess.py:89} INFO - 2022-04-23
[2022-04-24 11:49:54,252] {subprocess.py:89} INFO - 2022-04-30
[2022-04-24 11:49:54,252] {subprocess.py:89} INFO - 2022-04-23
[2022-04-24 11:49:54,252] {subprocess.py:89} INFO - 2022-04-30
[2022-04-24 11:49:54,252] {subprocess.py:89} INFO - 2022-04-23
[2022-04-24 11:49:54,252] {subprocess.py:89} INFO - 2022-04-30
[2022-04-24 11:49:54,252] {subprocess.py:93} INFO - Command exited with return code 0
[2022-04-24 11:49:54,266] {taskinstance.py:1278} INFO - Marking task as SUCCESS. dag_id=yogas_dag, task_id=templated, execution_date=20220423T184915, start_date=20220424T184954, end_date=20220424T184954
[2022-04-24 11:49:54,306] {local_task_job.py:154} INFO - Task exited with return code 0
[2022-04-24 11:49:54,319] {local_task_job.py:264} INFO - 0 downstream tasks scheduled from follow-on schedule check
