[2022-04-24 11:49:37,466] {taskinstance.py:1043} INFO - Dependencies all met for <TaskInstance: yogas_dag.print_date scheduled__2022-04-23T18:49:15.961171+00:00 [queued]>
[2022-04-24 11:49:37,472] {taskinstance.py:1043} INFO - Dependencies all met for <TaskInstance: yogas_dag.print_date scheduled__2022-04-23T18:49:15.961171+00:00 [queued]>
[2022-04-24 11:49:37,472] {taskinstance.py:1249} INFO - 
--------------------------------------------------------------------------------
[2022-04-24 11:49:37,473] {taskinstance.py:1250} INFO - Starting attempt 1 of 2
[2022-04-24 11:49:37,473] {taskinstance.py:1251} INFO - 
--------------------------------------------------------------------------------
[2022-04-24 11:49:37,483] {taskinstance.py:1270} INFO - Executing <Task(BashOperator): print_date> on 2022-04-23 18:49:15.961171+00:00
[2022-04-24 11:49:37,487] {standard_task_runner.py:52} INFO - Started process 22979 to run task
[2022-04-24 11:49:37,498] {standard_task_runner.py:79} INFO - Running: ['airflow', 'tasks', 'run', 'yogas_dag', 'print_date', 'scheduled__2022-04-23T18:49:15.961171+00:00', '--job-id', '2', '--raw', '--subdir', 'DAGS_FOLDER/scratch.py', '--cfg-path', '/tmp/tmp1ckwih20', '--error-file', '/tmp/tmp6g96jr0o']
[2022-04-24 11:49:37,500] {standard_task_runner.py:80} INFO - Job 2: Subtask print_date
[2022-04-24 11:49:37,548] {logging_mixin.py:109} INFO - Running <TaskInstance: yogas_dag.print_date scheduled__2022-04-23T18:49:15.961171+00:00 [running]> on host ubuntu
[2022-04-24 11:49:37,717] {taskinstance.py:1446} INFO - Exporting the following env vars:
AIRFLOW_CTX_DAG_EMAIL=yogasabarish17@gmail.com
AIRFLOW_CTX_DAG_OWNER=airflow
AIRFLOW_CTX_DAG_ID=yogas_dag
AIRFLOW_CTX_TASK_ID=print_date
AIRFLOW_CTX_EXECUTION_DATE=2022-04-23T18:49:15.961171+00:00
AIRFLOW_CTX_DAG_RUN_ID=scheduled__2022-04-23T18:49:15.961171+00:00
[2022-04-24 11:49:37,717] {subprocess.py:62} INFO - Tmp dir root location: 
 /tmp
[2022-04-24 11:49:37,744] {subprocess.py:74} INFO - Running command: ['bash', '-c', 'date']
[2022-04-24 11:49:37,954] {subprocess.py:85} INFO - Output:
[2022-04-24 11:49:42,116] {subprocess.py:89} INFO - Sun 24 Apr 2022 11:49:42 AM PDT
[2022-04-24 11:49:42,116] {subprocess.py:93} INFO - Command exited with return code 0
[2022-04-24 11:49:45,639] {taskinstance.py:1278} INFO - Marking task as SUCCESS. dag_id=yogas_dag, task_id=print_date, execution_date=20220423T184915, start_date=20220424T184937, end_date=20220424T184945
[2022-04-24 11:49:46,610] {local_task_job.py:154} INFO - Task exited with return code 0
[2022-04-24 11:49:46,629] {local_task_job.py:264} INFO - 2 downstream tasks scheduled from follow-on schedule check
