[2022-04-24 11:50:01,436] {taskinstance.py:1043} INFO - Dependencies all met for <TaskInstance: yogas_dag.sleep manual__2022-04-24T18:49:51.171352+00:00 [queued]>
[2022-04-24 11:50:01,444] {taskinstance.py:1043} INFO - Dependencies all met for <TaskInstance: yogas_dag.sleep manual__2022-04-24T18:49:51.171352+00:00 [queued]>
[2022-04-24 11:50:01,444] {taskinstance.py:1249} INFO - 
--------------------------------------------------------------------------------
[2022-04-24 11:50:01,445] {taskinstance.py:1250} INFO - Starting attempt 1 of 4
[2022-04-24 11:50:01,445] {taskinstance.py:1251} INFO - 
--------------------------------------------------------------------------------
[2022-04-24 11:50:01,457] {taskinstance.py:1270} INFO - Executing <Task(BashOperator): sleep> on 2022-04-24 18:49:51.171352+00:00
[2022-04-24 11:50:01,459] {standard_task_runner.py:52} INFO - Started process 23002 to run task
[2022-04-24 11:50:01,507] {standard_task_runner.py:79} INFO - Running: ['airflow', 'tasks', 'run', 'yogas_dag', 'sleep', 'manual__2022-04-24T18:49:51.171352+00:00', '--job-id', '6', '--raw', '--subdir', 'DAGS_FOLDER/scratch.py', '--cfg-path', '/tmp/tmpz1u0ycri', '--error-file', '/tmp/tmpck_0u_2h']
[2022-04-24 11:50:01,510] {standard_task_runner.py:80} INFO - Job 6: Subtask sleep
[2022-04-24 11:50:02,032] {logging_mixin.py:109} INFO - Running <TaskInstance: yogas_dag.sleep manual__2022-04-24T18:49:51.171352+00:00 [running]> on host ubuntu
[2022-04-24 11:50:02,151] {taskinstance.py:1446} INFO - Exporting the following env vars:
AIRFLOW_CTX_DAG_EMAIL=yogasabarish17@gmail.com
AIRFLOW_CTX_DAG_OWNER=airflow
AIRFLOW_CTX_DAG_ID=yogas_dag
AIRFLOW_CTX_TASK_ID=sleep
AIRFLOW_CTX_EXECUTION_DATE=2022-04-24T18:49:51.171352+00:00
AIRFLOW_CTX_DAG_RUN_ID=manual__2022-04-24T18:49:51.171352+00:00
[2022-04-24 11:50:02,152] {subprocess.py:62} INFO - Tmp dir root location: 
 /tmp
[2022-04-24 11:50:02,152] {subprocess.py:74} INFO - Running command: ['bash', '-c', 'sleep 5']
[2022-04-24 11:50:02,168] {subprocess.py:85} INFO - Output:
[2022-04-24 11:50:07,203] {subprocess.py:93} INFO - Command exited with return code 0
[2022-04-24 11:50:07,216] {taskinstance.py:1278} INFO - Marking task as SUCCESS. dag_id=yogas_dag, task_id=sleep, execution_date=20220424T184951, start_date=20220424T185001, end_date=20220424T185007
[2022-04-24 11:50:07,249] {local_task_job.py:154} INFO - Task exited with return code 0
[2022-04-24 11:50:07,258] {local_task_job.py:264} INFO - 0 downstream tasks scheduled from follow-on schedule check
